Arguments: 
  /Users/sacarr/.nvm/versions/node/v15.0.1/bin/node /usr/local/Cellar/yarn/1.22.15/libexec/bin/yarn.js install

PATH: 
  /Users/sacarr/.opam/4.11.1/bin:/Users/sacarr/.cargo/bin:/Users/sacarr/.nvm/versions/node/v15.0.1/bin:/Users/sacarr/.deno/bin:/usr/local/bin:/usr/local/sbin:/usr/bin:/bin:/usr/sbin:/sbin:/Library/Apple/usr/bin:/Library/Frameworks/Mono.framework/Versions/Current/Commands:/Users/sacarr/.opam/4.11.1/bin:/Users/sacarr/.cargo/bin:/Users/sacarr/.nvm/versions/node/v15.0.1/bin:/Users/sacarr/.deno/bin

Yarn version: 
  1.22.15

Node version: 
  15.0.1

Platform: 
  darwin x64

Trace: 
  SyntaxError: /Users/sacarr/src/github/bs-jest/package.json: Unexpected token } in JSON at position 999
      at JSON.parse (<anonymous>)
      at /usr/local/Cellar/yarn/1.22.15/libexec/lib/cli.js:1625:59
      at Generator.next (<anonymous>)
      at step (/usr/local/Cellar/yarn/1.22.15/libexec/lib/cli.js:310:30)
      at /usr/local/Cellar/yarn/1.22.15/libexec/lib/cli.js:321:13

npm manifest: 
  {
    "name": "@glennsl/bs-jest",
    "version": "0.7.0",
    "description": "BuckleScript bindings to the Jest testing framework",
    "scripts": {
      "build": "bsb -make-world",
      "start": "bsb -make-world -w",
      "clean": "bsb -clean-world",
      "coverage": "nyc report --temp-directory=coverage --reporter=text-lcov | coveralls",
      "test": "yarn build && jest",
      "test-ci": "yarn build && jest --coverage && yarn coverage",
      "watch:bsb": "bsb -make-world -w",
      "watch:jest": "jest --coverage --watchAll",
      "watch:screen": "screen -c .screenrc"
    },
    "repository": {
      "type": "git",
      "url": "git+https://github.com/glennsl/bs-jest.git"
    },
    "keywords": [
      "ReScript",
      "jest",
      "test"
    ],
    "author": "glennsl",
    "license": "MIT",
    "bugs": {
      "url": "https://github.com/glennsl/bs-jest/issues"
    },
    "homepage": "https://github.com/glennsl/bs-jest#readme",
    "files": [
      "src/",
      "bsconfig.json"
    ],
    "devDependencies": {
      "bs-platform": "^8.3.1",
    },
    "dependencies": {
      "jest": "^27.2.1"
    }
  }

yarn manifest: 
  No manifest

Lockfile: 
  No lockfile
